Arguments: 
  C:\Program Files\nodejs\node.exe C:\Users\Lee Ji Hyun\AppData\Roaming\npm\node_modules\yarn\bin\yarn.js init

PATH: 
  C:\Users\Lee Ji Hyun\bin;C:\Program Files\Git\mingw64\bin;C:\Program Files\Git\usr\local\bin;C:\Program Files\Git\usr\bin;C:\Program Files\Git\usr\bin;C:\Program Files\Git\mingw64\bin;C:\Program Files\Git\usr\bin;C:\Users\Lee Ji Hyun\bin;C:\Program Files (x86)\Common Files\Oracle\Java\javapath;C:\Program Files (x86)\NAT Service;C:\WINDOWS\system32;C:\WINDOWS;C:\WINDOWS\System32\Wbem;C:\WINDOWS\System32\WindowsPowerShell\v1.0;C:\Program Files\Intel\WiFi\bin;C:\Program Files\Common Files\Intel\WirelessCommon;C:\Program Files\dotnet;C:\WINDOWS\System32\OpenSSH;C:\Program Files\Microsoft SQL Server\130\Tools\Binn;C:\Program Files\Git\cmd;C:\Program Files\nodejs;C:\Users\Lee Ji Hyun\AppData\Local\Programs\Python\Python37\Scripts;C:\Users\Lee Ji Hyun\AppData\Local\Programs\Python\Python37;C:\Users\Lee Ji Hyun\anaconda3;C:\Users\Lee Ji Hyun\anaconda3\Library\mingw-w64\bin;C:\Users\Lee Ji Hyun\anaconda3\Library\usr\bin;C:\Users\Lee Ji Hyun\anaconda3\Library\bin;C:\Users\Lee Ji Hyun\anaconda3\Scripts;C:\Users\Lee Ji Hyun\AppData\Local\Programs\Python\Python38\Scripts;C:\Users\Lee Ji Hyun\AppData\Local\Programs\Python\Python38;C:\Users\Lee Ji Hyun\AppData\Local\Programs\Python\Python38-32\Scripts;C:\Users\Lee Ji Hyun\AppData\Local\Programs\Python\Python38-32;C:\Program Files\Intel\WiFi\bin;C:\Program Files\Common Files\Intel\WirelessCommon;C:\Users\Lee Ji Hyun\AppData\Local\Microsoft\WindowsApps;C:\Users\Lee Ji Hyun\AppData\Local\atom\bin;C:\Users\Lee Ji Hyun\AppData\Local\Programs\Microsoft VS Code\bin;C:\Users\Lee Ji Hyun\AppData\Local\Microsoft\WindowsApps;C:\Users\Lee Ji Hyun\AppData\Roaming\npm;C:\Program Files\Git\usr\bin\vendor_perl;C:\Program Files\Git\usr\bin\core_perl

Yarn version: 
  1.22.17

Node version: 
  16.13.0

Platform: 
  win32 x64

Trace: 
  Error: Can't answer a question unless a user TTY
      at ConsoleReporter.question (C:\Users\Lee Ji Hyun\AppData\Roaming\npm\node_modules\yarn\lib\cli.js:96935:59)
      at Object.<anonymous> (C:\Users\Lee Ji Hyun\AppData\Roaming\npm\node_modules\yarn\lib\cli.js:89125:38)
      at Generator.next (<anonymous>)
      at step (C:\Users\Lee Ji Hyun\AppData\Roaming\npm\node_modules\yarn\lib\cli.js:310:30)
      at C:\Users\Lee Ji Hyun\AppData\Roaming\npm\node_modules\yarn\lib\cli.js:321:13

npm manifest: 
  No manifest

yarn manifest: 
  No manifest

Lockfile: 
  No lockfile
